[0m12:39:07.881014 [debug] [MainThread]: Sending event: {'category': 'dbt', 'action': 'invocation', 'label': 'start', 'context': [<snowplow_tracker.self_describing_json.SelfDescribingJson object at 0x108e3d510>, <snowplow_tracker.self_describing_json.SelfDescribingJson object at 0x108e8d790>, <snowplow_tracker.self_describing_json.SelfDescribingJson object at 0x108e47850>]}


============================== 12:39:07.899398 | 7f7776b5-9648-45a8-9367-26f58e3396ed ==============================
[0m12:39:07.899398 [info ] [MainThread]: Running with dbt=1.9.2
[0m12:39:07.899727 [debug] [MainThread]: running dbt with arguments {'printer_width': '80', 'indirect_selection': 'eager', 'log_cache_events': 'False', 'write_json': 'True', 'partial_parse': 'True', 'cache_selected_only': 'False', 'warn_error': 'None', 'fail_fast': 'False', 'debug': 'False', 'log_path': 'logs', 'profiles_dir': '/Users/bicudorafa/.dbt', 'version_check': 'True', 'use_colors': 'True', 'use_experimental_parser': 'False', 'no_print': 'None', 'quiet': 'False', 'empty': 'None', 'warn_error_options': 'WarnErrorOptions(include=[], exclude=[])', 'introspect': 'True', 'static_parser': 'True', 'log_format': 'default', 'target_path': 'None', 'invocation_command': 'dbt init temp-task-rafael-rosa', 'send_anonymous_usage_stats': 'True'}
[0m12:39:07.931240 [warn ] [MainThread]: [ConfigFolderDirectory]: Unable to parse logging event dictionary. Failed to parse dir field: expected string or bytes-like object, got 'PosixPath'.. Dictionary: {'dir': PosixPath('/Users/bicudorafa/.dbt')}
[0m12:39:07.931518 [info ] [MainThread]: Creating dbt configuration folder at 
[0m12:39:47.291220 [debug] [MainThread]: Starter project path: /Users/bicudorafa/Documents/github_personal/dbt/.venv/lib/python3.11/site-packages/dbt/include/starter_project
[0m12:39:47.302881 [info ] [MainThread]: 
Your new dbt project "demo_dbt" was created!

For more information on how to configure the profiles.yml file,
please consult the dbt documentation here:

  https://docs.getdbt.com/docs/configure-your-profile

One more thing:

Need help? Don't hesitate to reach out to us via GitHub issues or on Slack:

  https://community.getdbt.com/

Happy modeling!

[0m12:39:47.303526 [info ] [MainThread]: Setting up your profile.
[0m13:43:22.369020 [debug] [MainThread]: Sending event: {'category': 'dbt', 'action': 'invocation', 'label': 'start', 'context': [<snowplow_tracker.self_describing_json.SelfDescribingJson object at 0x107b8be90>, <snowplow_tracker.self_describing_json.SelfDescribingJson object at 0x107eac450>, <snowplow_tracker.self_describing_json.SelfDescribingJson object at 0x107ef9750>]}


============================== 13:43:22.371344 | 931d46ed-4ae2-4354-9b89-219a09bf7bf6 ==============================
[0m13:43:22.371344 [info ] [MainThread]: Running with dbt=1.9.2
[0m13:43:22.371664 [debug] [MainThread]: running dbt with arguments {'printer_width': '80', 'indirect_selection': 'eager', 'write_json': 'True', 'log_cache_events': 'False', 'partial_parse': 'True', 'cache_selected_only': 'False', 'warn_error': 'None', 'debug': 'False', 'version_check': 'True', 'log_path': 'logs', 'fail_fast': 'False', 'profiles_dir': '/Users/bicudorafa/.dbt', 'use_colors': 'True', 'use_experimental_parser': 'False', 'empty': 'None', 'quiet': 'False', 'no_print': 'None', 'warn_error_options': 'WarnErrorOptions(include=[], exclude=[])', 'static_parser': 'True', 'introspect': 'True', 'log_format': 'default', 'target_path': 'None', 'invocation_command': 'dbt init', 'send_anonymous_usage_stats': 'True'}
[0m13:43:34.108716 [debug] [MainThread]: Starter project path: /Users/bicudorafa/Documents/github_personal/dbt/.venv/lib/python3.11/site-packages/dbt/include/starter_project
[0m13:43:34.123593 [info ] [MainThread]: 
Your new dbt project "temp_rafael_rosa" was created!

For more information on how to configure the profiles.yml file,
please consult the dbt documentation here:

  https://docs.getdbt.com/docs/configure-your-profile

One more thing:

Need help? Don't hesitate to reach out to us via GitHub issues or on Slack:

  https://community.getdbt.com/

Happy modeling!

[0m13:43:34.124206 [info ] [MainThread]: Setting up your profile.
[0m13:44:05.083674 [info ] [MainThread]: Profile temp_rafael_rosa written to /Users/bicudorafa/.dbt/profiles.yml using target's profile_template.yml and your supplied values. Run 'dbt debug' to validate the connection.
[0m13:44:05.086074 [debug] [MainThread]: Resource report: {"command_name": "init", "command_success": true, "command_wall_clock_time": 42.750965, "process_in_blocks": "0", "process_kernel_time": 0.282675, "process_mem_max_rss": "186826752", "process_out_blocks": "0", "process_user_time": 0.938918}
[0m13:44:05.087392 [debug] [MainThread]: Command `dbt init` succeeded at 13:44:05.086877 after 42.75 seconds
[0m13:44:05.088058 [debug] [MainThread]: Sending event: {'category': 'dbt', 'action': 'invocation', 'label': 'end', 'context': [<snowplow_tracker.self_describing_json.SelfDescribingJson object at 0x102859850>, <snowplow_tracker.self_describing_json.SelfDescribingJson object at 0x107ec1110>, <snowplow_tracker.self_describing_json.SelfDescribingJson object at 0x107ec1650>]}
[0m13:44:05.088663 [debug] [MainThread]: Flushing usage events
[0m13:44:05.790002 [debug] [MainThread]: An error was encountered while trying to flush usage events
[0m13:44:16.074147 [debug] [MainThread]: Sending event: {'category': 'dbt', 'action': 'invocation', 'label': 'start', 'context': [<snowplow_tracker.self_describing_json.SelfDescribingJson object at 0x109079290>, <snowplow_tracker.self_describing_json.SelfDescribingJson object at 0x1090e54d0>, <snowplow_tracker.self_describing_json.SelfDescribingJson object at 0x1090e5a90>]}


============================== 13:44:16.076476 | 97d72479-4ac9-480d-9407-5c2128129b93 ==============================
[0m13:44:16.076476 [info ] [MainThread]: Running with dbt=1.9.2
[0m13:44:16.076787 [debug] [MainThread]: running dbt with arguments {'printer_width': '80', 'indirect_selection': 'eager', 'log_cache_events': 'False', 'write_json': 'True', 'partial_parse': 'True', 'cache_selected_only': 'False', 'profiles_dir': '/Users/bicudorafa/.dbt', 'version_check': 'True', 'warn_error': 'None', 'log_path': 'logs', 'fail_fast': 'False', 'debug': 'False', 'use_colors': 'True', 'use_experimental_parser': 'False', 'no_print': 'None', 'quiet': 'False', 'empty': 'None', 'log_format': 'default', 'invocation_command': 'dbt debug', 'warn_error_options': 'WarnErrorOptions(include=[], exclude=[])', 'introspect': 'True', 'target_path': 'None', 'static_parser': 'True', 'send_anonymous_usage_stats': 'True'}
[0m13:44:16.085655 [info ] [MainThread]: dbt version: 1.9.2
[0m13:44:16.085878 [info ] [MainThread]: python version: 3.11.8
[0m13:44:16.086043 [info ] [MainThread]: python path: /Users/bicudorafa/Documents/github_personal/dbt/.venv/bin/python3
[0m13:44:16.086181 [info ] [MainThread]: os info: macOS-15.1.1-arm64-arm-64bit
[0m13:44:16.634409 [info ] [MainThread]: Using profiles dir at /Users/bicudorafa/.dbt
[0m13:44:16.634743 [info ] [MainThread]: Using profiles.yml file at /Users/bicudorafa/.dbt/profiles.yml
[0m13:44:16.634946 [info ] [MainThread]: Using dbt_project.yml file at /Users/bicudorafa/Documents/github_personal/dbt/dbt_project.yml
[0m13:44:16.635104 [info ] [MainThread]: adapter type: bigquery
[0m13:44:16.635234 [info ] [MainThread]: adapter version: 1.9.1
[0m13:44:16.635372 [info ] [MainThread]: Configuration:
[0m13:44:16.635493 [info ] [MainThread]:   profiles.yml file [[32mOK found and valid[0m]
[0m13:44:16.635616 [info ] [MainThread]:   dbt_project.yml file [[31mERROR not found[0m]
[0m13:44:16.635811 [info ] [MainThread]: Required dependencies:
[0m13:44:16.636015 [debug] [MainThread]: Executing "git --help"
[0m13:44:16.645835 [debug] [MainThread]: STDOUT: "b"usage: git [-v | --version] [-h | --help] [-C <path>] [-c <name>=<value>]\n           [--exec-path[=<path>]] [--html-path] [--man-path] [--info-path]\n           [-p | --paginate | -P | --no-pager] [--no-replace-objects] [--no-lazy-fetch]\n           [--no-optional-locks] [--no-advice] [--bare] [--git-dir=<path>]\n           [--work-tree=<path>] [--namespace=<name>] [--config-env=<name>=<envvar>]\n           <command> [<args>]\n\nThese are common Git commands used in various situations:\n\nstart a working area (see also: git help tutorial)\n   clone     Clone a repository into a new directory\n   init      Create an empty Git repository or reinitialize an existing one\n\nwork on the current change (see also: git help everyday)\n   add       Add file contents to the index\n   mv        Move or rename a file, a directory, or a symlink\n   restore   Restore working tree files\n   rm        Remove files from the working tree and from the index\n\nexamine the history and state (see also: git help revisions)\n   bisect    Use binary search to find the commit that introduced a bug\n   diff      Show changes between commits, commit and working tree, etc\n   grep      Print lines matching a pattern\n   log       Show commit logs\n   show      Show various types of objects\n   status    Show the working tree status\n\ngrow, mark and tweak your common history\n   branch    List, create, or delete branches\n   commit    Record changes to the repository\n   merge     Join two or more development histories together\n   rebase    Reapply commits on top of another base tip\n   reset     Reset current HEAD to the specified state\n   switch    Switch branches\n   tag       Create, list, delete or verify a tag object signed with GPG\n\ncollaborate (see also: git help workflows)\n   fetch     Download objects and refs from another repository\n   pull      Fetch from and integrate with another repository or a local branch\n   push      Update remote refs along with associated objects\n\n'git help -a' and 'git help -g' list available subcommands and some\nconcept guides. See 'git help <command>' or 'git help <concept>'\nto read about a specific subcommand or concept.\nSee 'git help git' for an overview of the system.\n""
[0m13:44:16.646367 [debug] [MainThread]: STDERR: "b''"
[0m13:44:16.646535 [info ] [MainThread]:  - git [[32mOK found[0m]

[0m13:44:16.646696 [info ] [MainThread]: Connection:
[0m13:44:16.646888 [info ] [MainThread]:   method: oauth
[0m13:44:16.647012 [info ] [MainThread]:   database: temp-task-rafael-rosa
[0m13:44:16.647134 [info ] [MainThread]:   execution_project: temp-task-rafael-rosa
[0m13:44:16.647252 [info ] [MainThread]:   schema: staging
[0m13:44:16.647367 [info ] [MainThread]:   location: US
[0m13:44:16.647482 [info ] [MainThread]:   priority: interactive
[0m13:44:16.647681 [info ] [MainThread]:   maximum_bytes_billed: None
[0m13:44:16.647852 [info ] [MainThread]:   impersonate_service_account: None
[0m13:44:16.647980 [info ] [MainThread]:   job_retry_deadline_seconds: None
[0m13:44:16.648101 [info ] [MainThread]:   job_retries: 1
[0m13:44:16.648222 [info ] [MainThread]:   job_creation_timeout_seconds: None
[0m13:44:16.648337 [info ] [MainThread]:   job_execution_timeout_seconds: 300
[0m13:44:16.648450 [info ] [MainThread]:   timeout_seconds: 300
[0m13:44:16.648564 [info ] [MainThread]:   client_id: None
[0m13:44:16.648675 [info ] [MainThread]:   token_uri: None
[0m13:44:16.648783 [info ] [MainThread]:   dataproc_region: None
[0m13:44:16.648912 [info ] [MainThread]:   dataproc_cluster_name: None
[0m13:44:16.649111 [info ] [MainThread]:   gcs_bucket: None
[0m13:44:16.649308 [info ] [MainThread]:   dataproc_batch: None
[0m13:44:16.649699 [info ] [MainThread]: Registered adapter: bigquery=1.9.1
[0m13:44:16.729978 [debug] [MainThread]: Acquiring new bigquery connection 'debug'
[0m13:44:16.730338 [debug] [MainThread]: On debug: select 1 as id
[0m13:44:16.730505 [debug] [MainThread]: Opening a new connection, currently in state init
[0m13:44:25.856524 [debug] [MainThread]: BigQuery adapter: Got an error when attempting to create a bigquery " "client: 'Runtime Error
  Failed to authenticate with supplied credentials
  error:
  Your default credentials were not found. To set up Application Default Credentials, see https://cloud.google.com/docs/authentication/external/set-up-adc for more information.'
[0m13:44:25.857900 [debug] [MainThread]: BigQuery adapter: Unhandled error while running:
select 1 as id
[0m13:44:25.858487 [debug] [MainThread]: BigQuery adapter: Database Error
  Runtime Error
    Failed to authenticate with supplied credentials
    error:
    Your default credentials were not found. To set up Application Default Credentials, see https://cloud.google.com/docs/authentication/external/set-up-adc for more information.
[0m13:44:25.859160 [info ] [MainThread]:   Connection test: [[31mERROR[0m]

[0m13:44:25.859944 [info ] [MainThread]: [31m2 checks failed:[0m
[0m13:44:25.860411 [info ] [MainThread]: Project loading failed for the following reason:
 project path </Users/bicudorafa/Documents/github_personal/dbt/dbt_project.yml> not found

[0m13:44:25.860933 [info ] [MainThread]: dbt was unable to connect to the specified database.
The database returned the following error:

  >'NoneType' object has no attribute 'close'

Check your database credentials and try again. For more information, visit:
https://docs.getdbt.com/docs/configure-your-profile


[0m13:44:25.863087 [debug] [MainThread]: Resource report: {"command_name": "debug", "command_success": false, "command_wall_clock_time": 9.823874, "process_in_blocks": "0", "process_kernel_time": 0.25822, "process_mem_max_rss": "190693376", "process_out_blocks": "0", "process_user_time": 0.895159}
[0m13:44:25.863899 [debug] [MainThread]: Command `dbt debug` failed at 13:44:25.863744 after 9.82 seconds
[0m13:44:25.864525 [debug] [MainThread]: Sending event: {'category': 'dbt', 'action': 'invocation', 'label': 'end', 'context': [<snowplow_tracker.self_describing_json.SelfDescribingJson object at 0x108f60950>, <snowplow_tracker.self_describing_json.SelfDescribingJson object at 0x104eb9850>, <snowplow_tracker.self_describing_json.SelfDescribingJson object at 0x104f508d0>]}
[0m13:44:25.865085 [debug] [MainThread]: Flushing usage events
[0m13:44:26.956007 [debug] [MainThread]: An error was encountered while trying to flush usage events
[0m13:46:56.124145 [debug] [MainThread]: Sending event: {'category': 'dbt', 'action': 'invocation', 'label': 'start', 'context': [<snowplow_tracker.self_describing_json.SelfDescribingJson object at 0x1061aca90>, <snowplow_tracker.self_describing_json.SelfDescribingJson object at 0x105db1b90>, <snowplow_tracker.self_describing_json.SelfDescribingJson object at 0x106174050>]}


============================== 13:46:56.126886 | ecd1e212-77b7-4eed-b489-9efcbec3f893 ==============================
[0m13:46:56.126886 [info ] [MainThread]: Running with dbt=1.9.2
[0m13:46:56.127193 [debug] [MainThread]: running dbt with arguments {'printer_width': '80', 'indirect_selection': 'eager', 'log_cache_events': 'False', 'write_json': 'True', 'partial_parse': 'True', 'cache_selected_only': 'False', 'profiles_dir': '/Users/bicudorafa/.dbt', 'fail_fast': 'False', 'debug': 'False', 'log_path': 'logs', 'version_check': 'True', 'warn_error': 'None', 'use_colors': 'True', 'use_experimental_parser': 'False', 'empty': 'None', 'quiet': 'False', 'no_print': 'None', 'log_format': 'default', 'static_parser': 'True', 'introspect': 'True', 'invocation_command': 'dbt debug', 'target_path': 'None', 'warn_error_options': 'WarnErrorOptions(include=[], exclude=[])', 'send_anonymous_usage_stats': 'True'}
[0m13:46:56.135593 [info ] [MainThread]: dbt version: 1.9.2
[0m13:46:56.135933 [info ] [MainThread]: python version: 3.11.8
[0m13:46:56.136129 [info ] [MainThread]: python path: /Users/bicudorafa/Documents/github_personal/dbt/.venv/bin/python3
[0m13:46:56.136322 [info ] [MainThread]: os info: macOS-15.1.1-arm64-arm-64bit
[0m13:46:56.760672 [info ] [MainThread]: Using profiles dir at /Users/bicudorafa/.dbt
[0m13:46:56.760970 [info ] [MainThread]: Using profiles.yml file at /Users/bicudorafa/.dbt/profiles.yml
[0m13:46:56.761117 [info ] [MainThread]: Using dbt_project.yml file at /Users/bicudorafa/Documents/github_personal/dbt/dbt_project.yml
[0m13:46:56.761253 [info ] [MainThread]: adapter type: bigquery
[0m13:46:56.761379 [info ] [MainThread]: adapter version: 1.9.1
[0m13:46:56.761515 [info ] [MainThread]: Configuration:
[0m13:46:56.761631 [info ] [MainThread]:   profiles.yml file [[32mOK found and valid[0m]
[0m13:46:56.761746 [info ] [MainThread]:   dbt_project.yml file [[31mERROR not found[0m]
[0m13:46:56.761857 [info ] [MainThread]: Required dependencies:
[0m13:46:56.762014 [debug] [MainThread]: Executing "git --help"
[0m13:46:56.777802 [debug] [MainThread]: STDOUT: "b"usage: git [-v | --version] [-h | --help] [-C <path>] [-c <name>=<value>]\n           [--exec-path[=<path>]] [--html-path] [--man-path] [--info-path]\n           [-p | --paginate | -P | --no-pager] [--no-replace-objects] [--no-lazy-fetch]\n           [--no-optional-locks] [--no-advice] [--bare] [--git-dir=<path>]\n           [--work-tree=<path>] [--namespace=<name>] [--config-env=<name>=<envvar>]\n           <command> [<args>]\n\nThese are common Git commands used in various situations:\n\nstart a working area (see also: git help tutorial)\n   clone     Clone a repository into a new directory\n   init      Create an empty Git repository or reinitialize an existing one\n\nwork on the current change (see also: git help everyday)\n   add       Add file contents to the index\n   mv        Move or rename a file, a directory, or a symlink\n   restore   Restore working tree files\n   rm        Remove files from the working tree and from the index\n\nexamine the history and state (see also: git help revisions)\n   bisect    Use binary search to find the commit that introduced a bug\n   diff      Show changes between commits, commit and working tree, etc\n   grep      Print lines matching a pattern\n   log       Show commit logs\n   show      Show various types of objects\n   status    Show the working tree status\n\ngrow, mark and tweak your common history\n   branch    List, create, or delete branches\n   commit    Record changes to the repository\n   merge     Join two or more development histories together\n   rebase    Reapply commits on top of another base tip\n   reset     Reset current HEAD to the specified state\n   switch    Switch branches\n   tag       Create, list, delete or verify a tag object signed with GPG\n\ncollaborate (see also: git help workflows)\n   fetch     Download objects and refs from another repository\n   pull      Fetch from and integrate with another repository or a local branch\n   push      Update remote refs along with associated objects\n\n'git help -a' and 'git help -g' list available subcommands and some\nconcept guides. See 'git help <command>' or 'git help <concept>'\nto read about a specific subcommand or concept.\nSee 'git help git' for an overview of the system.\n""
[0m13:46:56.778358 [debug] [MainThread]: STDERR: "b''"
[0m13:46:56.778541 [info ] [MainThread]:  - git [[32mOK found[0m]

[0m13:46:56.778708 [info ] [MainThread]: Connection:
[0m13:46:56.778897 [info ] [MainThread]:   method: oauth
[0m13:46:56.779024 [info ] [MainThread]:   database: temp-task-rafael-rosa
[0m13:46:56.779142 [info ] [MainThread]:   execution_project: temp-task-rafael-rosa
[0m13:46:56.779257 [info ] [MainThread]:   schema: staging
[0m13:46:56.779365 [info ] [MainThread]:   location: US
[0m13:46:56.779472 [info ] [MainThread]:   priority: interactive
[0m13:46:56.779582 [info ] [MainThread]:   maximum_bytes_billed: None
[0m13:46:56.779695 [info ] [MainThread]:   impersonate_service_account: None
[0m13:46:56.779807 [info ] [MainThread]:   job_retry_deadline_seconds: None
[0m13:46:56.779915 [info ] [MainThread]:   job_retries: 1
[0m13:46:56.780025 [info ] [MainThread]:   job_creation_timeout_seconds: None
[0m13:46:56.780133 [info ] [MainThread]:   job_execution_timeout_seconds: 300
[0m13:46:56.780241 [info ] [MainThread]:   timeout_seconds: 300
[0m13:46:56.780353 [info ] [MainThread]:   client_id: None
[0m13:46:56.780457 [info ] [MainThread]:   token_uri: None
[0m13:46:56.780562 [info ] [MainThread]:   dataproc_region: None
[0m13:46:56.780665 [info ] [MainThread]:   dataproc_cluster_name: None
[0m13:46:56.780768 [info ] [MainThread]:   gcs_bucket: None
[0m13:46:56.780872 [info ] [MainThread]:   dataproc_batch: None
[0m13:46:56.781162 [info ] [MainThread]: Registered adapter: bigquery=1.9.1
[0m13:46:56.856475 [debug] [MainThread]: Acquiring new bigquery connection 'debug'
[0m13:46:56.856810 [debug] [MainThread]: On debug: select 1 as id
[0m13:46:56.856975 [debug] [MainThread]: Opening a new connection, currently in state init
[0m13:46:59.101468 [error] [MainThread]: BigQuery adapter: https://console.cloud.google.com/bigquery?project=temp-task-rafael-rosa&j=bq:US:064d015b-09d4-477d-badf-a187930fb319&page=queryresults
[0m13:46:59.103876 [info ] [MainThread]:   Connection test: [[31mERROR[0m]

[0m13:46:59.104514 [info ] [MainThread]: [31m2 checks failed:[0m
[0m13:46:59.104980 [info ] [MainThread]: Project loading failed for the following reason:
 project path </Users/bicudorafa/Documents/github_personal/dbt/dbt_project.yml> not found

[0m13:46:59.105931 [info ] [MainThread]: dbt was unable to connect to the specified database.
The database returned the following error:

  >Database Error
  Not found: Project temp-task-rafael-rosa

Check your database credentials and try again. For more information, visit:
https://docs.getdbt.com/docs/configure-your-profile


[0m13:46:59.107115 [debug] [MainThread]: Resource report: {"command_name": "debug", "command_success": false, "command_wall_clock_time": 3.017865, "process_in_blocks": "0", "process_kernel_time": 0.266495, "process_mem_max_rss": "190021632", "process_out_blocks": "0", "process_user_time": 0.890587}
[0m13:46:59.107775 [debug] [MainThread]: Command `dbt debug` failed at 13:46:59.107637 after 3.02 seconds
[0m13:46:59.108401 [debug] [MainThread]: Connection 'debug' was properly closed.
[0m13:46:59.109130 [debug] [MainThread]: Sending event: {'category': 'dbt', 'action': 'invocation', 'label': 'end', 'context': [<snowplow_tracker.self_describing_json.SelfDescribingJson object at 0x1061f5c10>, <snowplow_tracker.self_describing_json.SelfDescribingJson object at 0x10bf74fd0>, <snowplow_tracker.self_describing_json.SelfDescribingJson object at 0x104ba2e10>]}
[0m13:46:59.109783 [debug] [MainThread]: Flushing usage events
[0m13:46:59.921778 [debug] [MainThread]: An error was encountered while trying to flush usage events
[0m13:47:59.569995 [debug] [MainThread]: Sending event: {'category': 'dbt', 'action': 'invocation', 'label': 'start', 'context': [<snowplow_tracker.self_describing_json.SelfDescribingJson object at 0x106923ed0>, <snowplow_tracker.self_describing_json.SelfDescribingJson object at 0x1069559d0>, <snowplow_tracker.self_describing_json.SelfDescribingJson object at 0x106955f50>]}


============================== 13:47:59.572198 | a332690f-c74c-4bfe-a4b8-45a30618cca7 ==============================
[0m13:47:59.572198 [info ] [MainThread]: Running with dbt=1.9.2
[0m13:47:59.572501 [debug] [MainThread]: running dbt with arguments {'printer_width': '80', 'indirect_selection': 'eager', 'log_cache_events': 'False', 'write_json': 'True', 'partial_parse': 'True', 'cache_selected_only': 'False', 'warn_error': 'None', 'fail_fast': 'False', 'version_check': 'True', 'log_path': 'logs', 'debug': 'False', 'profiles_dir': '/Users/bicudorafa/.dbt', 'use_colors': 'True', 'use_experimental_parser': 'False', 'empty': 'None', 'quiet': 'False', 'no_print': 'None', 'log_format': 'default', 'invocation_command': 'dbt debug', 'introspect': 'True', 'static_parser': 'True', 'target_path': 'None', 'warn_error_options': 'WarnErrorOptions(include=[], exclude=[])', 'send_anonymous_usage_stats': 'True'}
[0m13:47:59.579513 [info ] [MainThread]: dbt version: 1.9.2
[0m13:47:59.579882 [info ] [MainThread]: python version: 3.11.8
[0m13:47:59.580063 [info ] [MainThread]: python path: /Users/bicudorafa/Documents/github_personal/dbt/.venv/bin/python3
[0m13:47:59.580204 [info ] [MainThread]: os info: macOS-15.1.1-arm64-arm-64bit
[0m13:47:59.916790 [info ] [MainThread]: Using profiles dir at /Users/bicudorafa/.dbt
[0m13:47:59.917061 [info ] [MainThread]: Using profiles.yml file at /Users/bicudorafa/.dbt/profiles.yml
[0m13:47:59.917209 [info ] [MainThread]: Using dbt_project.yml file at /Users/bicudorafa/Documents/github_personal/dbt/dbt_project.yml
[0m13:47:59.917355 [info ] [MainThread]: adapter type: bigquery
[0m13:47:59.917478 [info ] [MainThread]: adapter version: 1.9.1
[0m13:47:59.917603 [info ] [MainThread]: Configuration:
[0m13:47:59.917727 [info ] [MainThread]:   profiles.yml file [[32mOK found and valid[0m]
[0m13:47:59.917840 [info ] [MainThread]:   dbt_project.yml file [[31mERROR not found[0m]
[0m13:47:59.917957 [info ] [MainThread]: Required dependencies:
[0m13:47:59.918107 [debug] [MainThread]: Executing "git --help"
[0m13:47:59.929579 [debug] [MainThread]: STDOUT: "b"usage: git [-v | --version] [-h | --help] [-C <path>] [-c <name>=<value>]\n           [--exec-path[=<path>]] [--html-path] [--man-path] [--info-path]\n           [-p | --paginate | -P | --no-pager] [--no-replace-objects] [--no-lazy-fetch]\n           [--no-optional-locks] [--no-advice] [--bare] [--git-dir=<path>]\n           [--work-tree=<path>] [--namespace=<name>] [--config-env=<name>=<envvar>]\n           <command> [<args>]\n\nThese are common Git commands used in various situations:\n\nstart a working area (see also: git help tutorial)\n   clone     Clone a repository into a new directory\n   init      Create an empty Git repository or reinitialize an existing one\n\nwork on the current change (see also: git help everyday)\n   add       Add file contents to the index\n   mv        Move or rename a file, a directory, or a symlink\n   restore   Restore working tree files\n   rm        Remove files from the working tree and from the index\n\nexamine the history and state (see also: git help revisions)\n   bisect    Use binary search to find the commit that introduced a bug\n   diff      Show changes between commits, commit and working tree, etc\n   grep      Print lines matching a pattern\n   log       Show commit logs\n   show      Show various types of objects\n   status    Show the working tree status\n\ngrow, mark and tweak your common history\n   branch    List, create, or delete branches\n   commit    Record changes to the repository\n   merge     Join two or more development histories together\n   rebase    Reapply commits on top of another base tip\n   reset     Reset current HEAD to the specified state\n   switch    Switch branches\n   tag       Create, list, delete or verify a tag object signed with GPG\n\ncollaborate (see also: git help workflows)\n   fetch     Download objects and refs from another repository\n   pull      Fetch from and integrate with another repository or a local branch\n   push      Update remote refs along with associated objects\n\n'git help -a' and 'git help -g' list available subcommands and some\nconcept guides. See 'git help <command>' or 'git help <concept>'\nto read about a specific subcommand or concept.\nSee 'git help git' for an overview of the system.\n""
[0m13:47:59.930135 [debug] [MainThread]: STDERR: "b''"
[0m13:47:59.930311 [info ] [MainThread]:  - git [[32mOK found[0m]

[0m13:47:59.930471 [info ] [MainThread]: Connection:
[0m13:47:59.930662 [info ] [MainThread]:   method: oauth
[0m13:47:59.930779 [info ] [MainThread]:   database: temp-task-rafael-rosa
[0m13:47:59.930893 [info ] [MainThread]:   execution_project: temp-task-rafael-rosa
[0m13:47:59.931008 [info ] [MainThread]:   schema: staging
[0m13:47:59.931117 [info ] [MainThread]:   location: US
[0m13:47:59.931225 [info ] [MainThread]:   priority: interactive
[0m13:47:59.931345 [info ] [MainThread]:   maximum_bytes_billed: None
[0m13:47:59.931457 [info ] [MainThread]:   impersonate_service_account: None
[0m13:47:59.931567 [info ] [MainThread]:   job_retry_deadline_seconds: None
[0m13:47:59.931682 [info ] [MainThread]:   job_retries: 1
[0m13:47:59.931794 [info ] [MainThread]:   job_creation_timeout_seconds: None
[0m13:47:59.931904 [info ] [MainThread]:   job_execution_timeout_seconds: 300
[0m13:47:59.932017 [info ] [MainThread]:   timeout_seconds: 300
[0m13:47:59.932126 [info ] [MainThread]:   client_id: None
[0m13:47:59.932246 [info ] [MainThread]:   token_uri: None
[0m13:47:59.932361 [info ] [MainThread]:   dataproc_region: None
[0m13:47:59.932473 [info ] [MainThread]:   dataproc_cluster_name: None
[0m13:47:59.932578 [info ] [MainThread]:   gcs_bucket: None
[0m13:47:59.932682 [info ] [MainThread]:   dataproc_batch: None
[0m13:47:59.932976 [info ] [MainThread]: Registered adapter: bigquery=1.9.1
[0m13:48:00.008159 [debug] [MainThread]: Acquiring new bigquery connection 'debug'
[0m13:48:00.008502 [debug] [MainThread]: On debug: select 1 as id
[0m13:48:00.008673 [debug] [MainThread]: Opening a new connection, currently in state init
[0m13:48:01.680581 [error] [MainThread]: BigQuery adapter: https://console.cloud.google.com/bigquery?project=temp-task-rafael-rosa&j=bq:US:2ef0cb4f-2c43-4be2-84d0-4da3d206b982&page=queryresults
[0m13:48:01.683732 [info ] [MainThread]:   Connection test: [[31mERROR[0m]

[0m13:48:01.684414 [info ] [MainThread]: [31m2 checks failed:[0m
[0m13:48:01.684813 [info ] [MainThread]: Project loading failed for the following reason:
 project path </Users/bicudorafa/Documents/github_personal/dbt/dbt_project.yml> not found

[0m13:48:01.685196 [info ] [MainThread]: dbt was unable to connect to the specified database.
The database returned the following error:

  >Database Error
  Not found: Project temp-task-rafael-rosa

Check your database credentials and try again. For more information, visit:
https://docs.getdbt.com/docs/configure-your-profile


[0m13:48:01.686516 [debug] [MainThread]: Resource report: {"command_name": "debug", "command_success": false, "command_wall_clock_time": 2.1502023, "process_in_blocks": "0", "process_kernel_time": 0.223048, "process_mem_max_rss": "191348736", "process_out_blocks": "0", "process_user_time": 0.876853}
[0m13:48:01.687736 [debug] [MainThread]: Command `dbt debug` failed at 13:48:01.687510 after 2.15 seconds
[0m13:48:01.688525 [debug] [MainThread]: Connection 'debug' was properly closed.
[0m13:48:01.689419 [debug] [MainThread]: Sending event: {'category': 'dbt', 'action': 'invocation', 'label': 'end', 'context': [<snowplow_tracker.self_describing_json.SelfDescribingJson object at 0x10690c9d0>, <snowplow_tracker.self_describing_json.SelfDescribingJson object at 0x108283ed0>, <snowplow_tracker.self_describing_json.SelfDescribingJson object at 0x106955050>]}
[0m13:48:01.690098 [debug] [MainThread]: Flushing usage events
[0m13:48:02.337639 [debug] [MainThread]: An error was encountered while trying to flush usage events
